[2020-08-02T01:31:11.976] [ERROR] cheese - [Error: ENOENT: no such file or directory, open '/book/index.html'] {
  errno: -2,
  code: 'ENOENT',
  syscall: 'open',
  path: '/book/index.html'
}
[2020-08-02T01:31:12.455] [ERROR] cheese - [Error: ENOENT: no such file or directory, open '/book/index.html'] {
  errno: -2,
  code: 'ENOENT',
  syscall: 'open',
  path: '/book/index.html'
}
[2020-08-02T01:31:13.508] [ERROR] cheese - [Error: ENOENT: no such file or directory, open '/book/index.html'] {
  errno: -2,
  code: 'ENOENT',
  syscall: 'open',
  path: '/book/index.html'
}
[2020-08-02T01:32:36.069] [ERROR] cheese - Error: Unexpected tag "title" on line 1 in file /Users/liteng/Documents/github/Demo/Isomorphic/src/server/views/book/index.html.
    at Object.exports.throwError (/Users/liteng/Documents/github/Demo/Isomorphic/node_modules/swig-templates/lib/utils.js:188:9)
    at parseTag (/Users/liteng/Documents/github/Demo/Isomorphic/node_modules/swig-templates/lib/parser.js:675:13)
    at /Users/liteng/Documents/github/Demo/Isomorphic/node_modules/swig-templates/lib/parser.js:778:15
    at Object.exports.each (/Users/liteng/Documents/github/Demo/Isomorphic/node_modules/swig-templates/lib/utils.js:45:11)
    at Object.exports.parse (/Users/liteng/Documents/github/Demo/Isomorphic/node_modules/swig-templates/lib/parser.js:755:9)
    at exports.Swig.parse (/Users/liteng/Documents/github/Demo/Isomorphic/node_modules/swig-templates/lib/swig.js:383:19)
    at exports.Swig.precompile (/Users/liteng/Documents/github/Demo/Isomorphic/node_modules/swig-templates/lib/swig.js:526:23)
    at exports.Swig.compile (/Users/liteng/Documents/github/Demo/Isomorphic/node_modules/swig-templates/lib/swig.js:651:16)
    at /Users/liteng/Documents/github/Demo/Isomorphic/node_modules/swig-templates/lib/swig.js:729:27
    at FSReqCallback.readFileAfterClose [as oncomplete] (internal/fs/read_file_context.js:61:3)
